
  ___  ____  ____  ____  ____ ®
 /__    /   ____/   /   ____/      17.0
___/   /   /___/   /   /___/       MP—Parallel Edition

 Statistics and Data Science       Copyright 1985-2021 StataCorp LLC
                                   StataCorp
                                   4905 Lakeway Drive
                                   College Station, Texas 77845 USA
                                   800-STATA-PC        https://www.stata.com
                                   979-696-4600        stata@stata.com

Stata license: Single-user 2-core  perpetual
Serial number: 501706396569
  Licensed to: linchao
               me

Notes:
      1. Stata is running in batch mode.
      2. Unicode is supported; see help unicode_advice.
      3. More than 2 billion observations are allowed; see help obs_advice.
      4. Maximum number of variables is set to 5,000 but can be increased;
          see help set_maxvar.

. do C:\Users\linchao\.ipython\stata\code.do 

. clear

. set more off

. set linesize 200

. log using "C:\Users\linchao\.ipython\stata\log_output.log", text replace
--------------------------------------------------------------------------------------------------------------------------------------------------------------------------------------------------------
      name:  <unnamed>
       log:  C:\Users\linchao\.ipython\stata\log_output.log
  log type:  text
 opened on:   3 Jan 2025, 00:12:29

. use https://stats.idre.ucla.edu/stat/stata/dae/binary.dta, clear

. sum

    Variable |        Obs        Mean    Std. dev.       Min        Max
-------------+---------------------------------------------------------
       admit |        400       .3175    .4660867          0          1
         gre |        400       587.7    115.5165        220        800
         gpa |        400      3.3899    .3805668       2.26          4
        rank |        400       2.485    .9444602          1          4

. twoway function y=exp(x)/(1+exp(x)), range(-10 10)

.  
. 
. log close
      name:  <unnamed>
       log:  C:\Users\linchao\.ipython\stata\log_output.log
  log type:  text
 closed on:   3 Jan 2025, 00:12:30
--------------------------------------------------------------------------------------------------------------------------------------------------------------------------------------------------------

. graph display 

. graph export "c:\pywork\python\basic1\stata\temp_graph.pdf", replace
file c:\pywork\python\basic1\stata\temp_graph.pdf saved as PDF format

. 
. // End of line deletion prevention
. 
end of do-file
